{
  "RSpec": {
    "coverage": {
      "/Users/mnhollandplum/Desktop/turing/2module/projects/little_shop_solo_project_base/spec/features/admin/user_mgmt_spec.rb": [
        1,
        null,
        1,
        1,
        4,
        4,
        4,
        4,
        null,
        1,
        1,
        1,
        1,
        1,
        null,
        1,
        null,
        1,
        1,
        null,
        1,
        1,
        1,
        1,
        null,
        null,
        1,
        1,
        1,
        1,
        1,
        1,
        1,
        null,
        null,
        1,
        1,
        1,
        1,
        1,
        null,
        1,
        1,
        1,
        null,
        1,
        1,
        1,
        1,
        null,
        null,
        1,
        1,
        1,
        1,
        1,
        null,
        1,
        null,
        null,
        1,
        1,
        1,
        1,
        1,
        null,
        1,
        null,
        1,
        1,
        1,
        null,
        1,
        1,
        1,
        1,
        1,
        null,
        null,
        null,
        1,
        1,
        1,
        1,
        1,
        null,
        1,
        null,
        1,
        1,
        1,
        null,
        1,
        1,
        1,
        1,
        1,
        null,
        null,
        null
      ],
      "/Users/mnhollandplum/Desktop/turing/2module/projects/little_shop_solo_project_base/spec/features/cart/items_index_spec.rb": [
        1,
        1,
        null,
        1,
        1,
        1,
        7,
        7,
        7,
        7,
        7,
        null,
        1,
        1,
        1,
        null,
        1,
        null,
        1,
        1,
        1,
        null,
        1,
        1,
        1,
        null,
        1,
        null,
        1,
        null,
        1,
        null,
        1,
        1,
        null,
        1,
        null,
        null,
        1,
        1,
        1,
        null,
        1,
        1,
        null,
        1,
        1,
        1,
        null,
        1,
        null,
        null,
        1,
        1,
        1,
        1,
        1,
        1,
        1,
        null,
        null,
        1,
        1,
        1,
        1,
        null,
        1,
        1,
        1,
        1,
        1,
        null,
        1,
        1,
        1,
        1,
        null,
        1,
        1,
        1,
        1,
        null,
        1,
        1,
        1,
        1,
        null,
        1,
        1,
        null,
        1,
        1,
        1,
        null,
        1,
        1,
        1,
        1,
        1,
        1,
        null,
        1,
        1,
        1,
        1,
        null,
        1,
        1,
        1,
        1,
        1,
        1,
        1,
        4,
        null,
        1,
        null,
        1,
        1,
        1,
        null,
        1,
        1,
        1,
        null,
        1,
        1,
        1,
        1,
        1,
        null,
        null,
        1,
        1,
        1,
        1,
        1,
        null,
        1,
        1,
        1,
        null,
        1,
        null,
        1,
        1,
        1,
        1,
        null,
        null,
        1,
        1,
        1,
        null,
        null,
        null,
        1,
        1,
        1,
        1,
        1,
        null,
        1,
        1,
        1,
        1,
        1,
        1,
        1,
        null,
        null,
        null,
        null
      ],
      "/Users/mnhollandplum/Desktop/turing/2module/projects/little_shop_solo_project_base/spec/features/merchant/items_spec.rb": [
        1,
        1,
        null,
        1,
        1,
        1,
        9,
        null,
        1,
        1,
        1,
        null,
        1,
        null,
        1,
        null,
        1,
        null,
        null,
        1,
        1,
        1,
        1,
        1,
        null,
        1,
        null,
        1,
        1,
        1,
        null,
        1,
        1,
        1,
        1,
        1,
        null,
        1,
        1,
        null,
        null,
        1,
        1,
        1,
        null,
        1,
        null,
        1,
        1,
        null,
        0,
        null,
        0,
        0,
        0,
        null,
        null,
        1,
        1,
        1,
        null,
        1,
        null,
        1,
        1,
        null,
        0,
        null,
        0,
        0,
        0,
        null,
        null,
        1,
        1,
        1,
        1,
        null,
        1,
        1,
        1,
        1,
        1,
        1,
        null,
        0,
        0,
        0,
        0,
        0,
        0,
        0,
        0,
        0,
        null,
        0,
        null,
        null,
        1,
        1,
        1,
        1,
        null,
        1,
        1,
        1,
        1,
        1,
        null,
        0,
        0,
        0,
        0,
        null,
        null,
        1,
        1,
        1,
        1,
        1,
        0,
        0,
        0,
        0,
        0,
        0,
        0,
        null,
        1,
        1,
        1,
        1,
        1,
        1,
        null,
        null,
        0,
        0,
        0,
        0,
        0,
        0,
        null,
        0,
        0,
        0,
        0,
        0,
        0,
        0,
        null,
        null,
        1,
        1,
        1,
        1,
        1,
        1,
        null,
        0,
        0,
        0,
        0,
        0,
        null,
        0,
        0,
        0,
        0,
        0,
        0,
        0,
        null,
        null,
        null,
        null
      ],
      "/Users/mnhollandplum/Desktop/turing/2module/projects/little_shop_solo_project_base/spec/features/nav_spec.rb": [
        1,
        null,
        1,
        1,
        1,
        1,
        null,
        1,
        1,
        1,
        1,
        1,
        1,
        1,
        1,
        1,
        1,
        1,
        1,
        null,
        null,
        null,
        1,
        1,
        1,
        1,
        null,
        1,
        null,
        1,
        1,
        null,
        1,
        null,
        1,
        null,
        1,
        1,
        1,
        1,
        null,
        null,
        null,
        1,
        1,
        1,
        1,
        null,
        1,
        null,
        1,
        1,
        null,
        null,
        null,
        1,
        1,
        1,
        1,
        null,
        1,
        null,
        1,
        1,
        1,
        1,
        null,
        null,
        null
      ],
      "/Users/mnhollandplum/Desktop/turing/2module/projects/little_shop_solo_project_base/spec/features/orders/create_spec.rb": [
        1,
        null,
        1,
        1,
        1,
        1,
        1,
        1,
        1,
        1,
        null,
        1,
        1,
        1,
        1,
        1,
        null,
        1,
        1,
        1,
        1,
        null,
        1,
        1,
        2,
        2,
        null,
        null,
        null,
        1,
        null,
        1,
        1,
        1,
        1,
        null,
        1,
        1,
        1,
        null,
        1,
        1,
        1,
        null,
        1,
        1,
        1,
        null,
        1,
        1,
        1,
        null,
        null,
        null,
        1,
        1,
        1,
        1,
        1,
        1,
        1,
        1,
        null,
        1,
        null,
        1,
        1,
        1,
        null,
        null,
        1,
        1,
        null,
        1,
        1,
        null,
        null,
        1,
        1,
        1,
        1,
        1,
        null,
        1,
        1,
        1,
        null,
        null,
        null,
        1,
        1,
        null,
        1,
        null,
        1,
        1,
        1,
        null,
        1,
        1,
        null,
        null,
        null,
        1,
        null,
        1,
        1,
        1,
        null,
        null,
        1,
        1,
        null,
        null,
        null
      ],
      "/Users/mnhollandplum/Desktop/turing/2module/projects/little_shop_solo_project_base/spec/features/orders/merchant_orders_spec.rb": [
        1,
        null,
        1,
        1,
        7,
        7,
        7,
        null,
        7,
        7,
        7,
        null,
        7,
        7,
        7,
        null,
        7,
        null,
        null,
        1,
        1,
        1,
        1,
        null,
        1,
        null,
        1,
        null,
        1,
        1,
        1,
        null,
        1,
        null,
        1,
        null,
        1,
        1,
        1,
        null,
        1,
        1,
        1,
        null,
        1,
        1,
        1,
        1,
        1,
        1,
        1,
        null,
        1,
        1,
        null,
        1,
        1,
        null,
        1,
        1,
        1,
        1,
        1,
        null,
        1,
        1,
        1,
        1,
        1,
        null,
        null,
        1,
        1,
        1,
        1,
        null,
        1,
        1,
        1,
        null,
        1,
        1,
        1,
        1,
        1,
        1,
        null,
        1,
        null,
        1,
        1,
        null,
        null,
        null,
        null,
        1,
        1,
        1,
        1,
        null,
        0,
        0,
        null,
        1,
        1,
        1,
        0,
        null,
        0,
        0,
        0,
        0,
        null,
        null,
        null
      ],
      "/Users/mnhollandplum/Desktop/turing/2module/projects/little_shop_solo_project_base/spec/features/orders/user_orders_spec.rb": [
        1,
        null,
        1,
        1,
        5,
        5,
        5,
        null,
        null,
        1,
        1,
        1,
        2,
        2,
        null,
        2,
        2,
        2,
        null,
        2,
        2,
        2,
        null,
        2,
        2,
        2,
        null,
        2,
        2,
        2,
        null,
        null,
        1,
        1,
        1,
        null,
        1,
        1,
        2,
        2,
        2,
        2,
        2,
        null,
        null,
        1,
        null,
        null,
        1,
        1,
        1,
        1,
        null,
        1,
        null,
        1,
        null,
        null,
        1,
        1,
        1,
        null,
        1,
        null,
        null,
        1,
        1,
        2,
        null,
        1,
        1,
        1,
        null,
        1,
        1,
        1,
        null,
        1,
        1,
        null,
        1,
        null,
        1,
        1,
        null,
        1,
        1,
        2,
        2,
        2,
        2,
        2,
        null,
        null,
        null,
        1,
        null,
        1,
        1,
        null,
        1,
        null,
        null,
        null
      ],
      "/Users/mnhollandplum/Desktop/turing/2module/projects/little_shop_solo_project_base/spec/features/stats/admin_spec.rb": [
        1,
        null,
        1,
        1,
        1,
        5,
        5,
        5,
        null,
        5,
        5,
        5,
        5,
        null,
        5,
        null,
        null,
        5,
        5,
        5,
        5,
        5,
        5,
        null,
        5,
        5,
        5,
        5,
        5,
        5,
        5,
        5,
        null,
        5,
        5,
        null,
        5,
        5,
        5,
        5,
        null,
        1,
        1,
        null,
        1,
        null,
        1,
        1,
        1,
        null,
        null,
        null,
        1,
        1,
        null,
        1,
        null,
        1,
        1,
        1,
        null,
        null,
        null,
        1,
        1,
        null,
        1,
        null,
        1,
        1,
        1,
        1,
        1,
        null,
        null,
        1,
        1,
        null,
        1,
        1,
        1,
        1,
        1,
        1,
        null,
        null,
        1,
        1,
        null,
        1,
        1,
        1,
        1,
        1,
        1,
        null,
        null,
        null,
        null
      ],
      "/Users/mnhollandplum/Desktop/turing/2module/projects/little_shop_solo_project_base/spec/features/stats/items_spec.rb": [
        1,
        null,
        1,
        1,
        1,
        4,
        4,
        4,
        4,
        4,
        4,
        4,
        4,
        4,
        4,
        4,
        4,
        null,
        1,
        1,
        1,
        1,
        1,
        1,
        1,
        null,
        1,
        1,
        1,
        1,
        1,
        1,
        1,
        1,
        1,
        null,
        null,
        null,
        1,
        1,
        1,
        1,
        1,
        1,
        1,
        1,
        1,
        1,
        1,
        1,
        1,
        null,
        1,
        1,
        1,
        1,
        1,
        1,
        1,
        null,
        null,
        null,
        1,
        1,
        2,
        2,
        2,
        2,
        2,
        2,
        2,
        null,
        1,
        1,
        1,
        1,
        1,
        null,
        null,
        null,
        1,
        1,
        1,
        1,
        1,
        null,
        null,
        null,
        null,
        null,
        null
      ],
      "/Users/mnhollandplum/Desktop/turing/2module/projects/little_shop_solo_project_base/spec/features/stats/merchant_spec.rb": [
        1,
        null,
        1,
        1,
        1,
        6,
        6,
        null,
        6,
        6,
        6,
        6,
        null,
        6,
        null,
        null,
        6,
        6,
        6,
        6,
        6,
        6,
        null,
        6,
        6,
        6,
        6,
        6,
        6,
        6,
        6,
        null,
        6,
        6,
        null,
        6,
        6,
        6,
        6,
        null,
        1,
        1,
        1,
        1,
        1,
        1,
        1,
        1,
        1,
        null,
        1,
        null,
        1,
        null,
        1,
        1,
        1,
        1,
        null,
        null,
        null,
        1,
        1,
        null,
        1,
        null,
        1,
        1,
        1,
        null,
        null,
        null,
        1,
        1,
        null,
        1,
        null,
        1,
        1,
        1,
        null,
        null,
        null,
        1,
        1,
        null,
        null,
        1,
        1,
        1,
        1,
        null,
        null,
        1,
        null,
        1,
        1,
        1,
        1,
        null,
        null,
        1,
        1,
        null,
        1,
        1,
        1,
        1,
        1,
        null,
        null,
        null,
        1,
        1,
        null,
        1,
        1,
        1,
        1,
        1,
        1,
        1,
        null,
        null,
        null,
        null,
        null
      ],
      "/Users/mnhollandplum/Desktop/turing/2module/projects/little_shop_solo_project_base/spec/features/users/edit_spec.rb": [
        1,
        null,
        1,
        1,
        7,
        7,
        7,
        null,
        1,
        1,
        1,
        null,
        1,
        1,
        1,
        1,
        null,
        1,
        1,
        1,
        null,
        1,
        1,
        null,
        1,
        1,
        1,
        null,
        1,
        null,
        null,
        1,
        1,
        1,
        null,
        1,
        1,
        1,
        1,
        null,
        1,
        null,
        1,
        1,
        null,
        1,
        1,
        null,
        null,
        null,
        1,
        1,
        2,
        2,
        null,
        2,
        null,
        1,
        1,
        null,
        1,
        1,
        null,
        1,
        1,
        1,
        null,
        1,
        null,
        null,
        1,
        1,
        1,
        null,
        1,
        null,
        1,
        1,
        null,
        1,
        1,
        null,
        null,
        null,
        1,
        1,
        1,
        1,
        null,
        1,
        null,
        null,
        null,
        1,
        1,
        1,
        1,
        null,
        1,
        null,
        1,
        null,
        null,
        null,
        1,
        1,
        1,
        1,
        null,
        1,
        null,
        1,
        null,
        null,
        null,
        null
      ],
      "/Users/mnhollandplum/Desktop/turing/2module/projects/little_shop_solo_project_base/spec/features/users/index_spec.rb": [
        1,
        null,
        1,
        1,
        1,
        2,
        2,
        null,
        null,
        1,
        1,
        null,
        1,
        null,
        1,
        1,
        null,
        1,
        1,
        null,
        1,
        1,
        null,
        null,
        1,
        1,
        1,
        null,
        1,
        null,
        1,
        1,
        null,
        1,
        1,
        null,
        null,
        null,
        null,
        null,
        1,
        1,
        1,
        1,
        null,
        1,
        null,
        null,
        null,
        1,
        1,
        1,
        1,
        null,
        1,
        null,
        1,
        null,
        null,
        null,
        1,
        1,
        1,
        1,
        null,
        1,
        null,
        1,
        null,
        null,
        null
      ],
      "/Users/mnhollandplum/Desktop/turing/2module/projects/little_shop_solo_project_base/spec/features/users/registration_and_session_spec.rb": [
        1,
        null,
        1,
        1,
        1,
        1,
        1,
        1,
        null,
        1,
        1,
        1,
        1,
        1,
        1,
        1,
        1,
        1,
        1,
        null,
        1,
        1,
        null,
        1,
        1,
        1,
        1,
        null,
        1,
        1,
        null,
        null,
        1,
        1,
        1,
        1,
        null,
        1,
        1,
        1,
        1,
        1,
        1,
        1,
        1,
        1,
        1,
        null,
        1,
        1,
        null,
        null,
        1,
        1,
        1,
        1,
        1,
        1,
        1,
        1,
        1,
        1,
        1,
        1,
        1,
        1,
        null,
        1,
        1,
        null,
        null,
        null,
        null,
        1,
        1,
        4,
        4,
        4,
        null,
        1,
        1,
        1,
        null,
        1,
        1,
        1,
        null,
        1,
        1,
        1,
        null,
        null,
        1,
        1,
        1,
        1,
        1,
        null,
        null,
        1,
        1,
        1,
        1,
        null,
        1,
        1,
        1,
        null,
        1,
        1,
        1,
        null,
        null,
        1,
        1,
        1,
        null,
        1,
        1,
        1,
        null,
        null,
        null,
        null,
        1,
        1,
        1,
        1,
        1,
        null,
        1,
        1,
        1,
        1,
        1,
        null,
        1,
        null,
        1,
        null,
        1,
        1,
        1,
        1,
        null,
        null,
        null
      ],
      "/Users/mnhollandplum/Desktop/turing/2module/projects/little_shop_solo_project_base/spec/features/users/show_spec.rb": [
        1,
        null,
        1,
        1,
        10,
        null,
        1,
        1,
        1,
        null,
        1,
        1,
        1,
        1,
        1,
        1,
        1,
        1,
        null,
        1,
        1,
        null,
        1,
        null,
        1,
        1,
        1,
        null,
        1,
        null,
        1,
        null,
        1,
        null,
        null,
        null,
        1,
        1,
        1,
        1,
        null,
        1,
        1,
        1,
        1,
        1,
        1,
        1,
        1,
        null,
        1,
        1,
        null,
        1,
        null,
        1,
        1,
        1,
        null,
        1,
        null,
        1,
        null,
        1,
        1,
        null,
        null,
        null,
        1,
        1,
        1,
        1,
        null,
        1,
        null,
        1,
        1,
        null,
        1,
        null,
        null,
        null,
        1,
        1,
        1,
        1,
        null,
        1,
        null,
        1,
        null,
        1,
        1,
        1,
        null,
        1,
        null,
        1,
        null,
        1,
        1,
        1,
        null,
        1,
        null,
        1,
        null,
        null,
        null,
        1,
        1,
        1,
        1,
        null,
        1,
        null,
        1,
        null,
        null,
        null,
        null
      ],
      "/Users/mnhollandplum/Desktop/turing/2module/projects/little_shop_solo_project_base/spec/models/cart_spec.rb": [
        1,
        null,
        1,
        1,
        1,
        null,
        null,
        null,
        1,
        null,
        null,
        1,
        1,
        null,
        null,
        null,
        null,
        1,
        1,
        null,
        1,
        null,
        null,
        null,
        null,
        null,
        1,
        1,
        null,
        null,
        null,
        null,
        1,
        1,
        null,
        1,
        null,
        null,
        null,
        null,
        null,
        1,
        1,
        null,
        null,
        null,
        null,
        1,
        null,
        1,
        null,
        null,
        null,
        null,
        1,
        1,
        null,
        null,
        null,
        null,
        1,
        null,
        1,
        null,
        null,
        null,
        null,
        1,
        1,
        1,
        null,
        null,
        1,
        1,
        1,
        1,
        1,
        1,
        null,
        1,
        null,
        null
      ],
      "/Users/mnhollandplum/Desktop/turing/2module/projects/little_shop_solo_project_base/app/models/cart.rb": [
        1,
        1,
        null,
        1,
        254,
        null,
        null,
        1,
        193,
        null,
        null,
        1,
        22,
        22,
        null,
        null,
        1,
        4,
        4,
        4,
        4,
        1,
        null,
        null,
        null,
        null,
        1,
        2,
        2,
        2,
        null,
        null,
        null,
        1,
        73,
        null,
        null,
        1,
        17,
        17,
        18,
        null,
        17,
        null,
        null
      ],
      "/Users/mnhollandplum/Desktop/turing/2module/projects/little_shop_solo_project_base/spec/models/item_spec.rb": [
        1,
        null,
        1,
        1,
        2,
        2,
        2,
        null,
        null,
        1,
        2,
        2,
        2,
        2,
        2,
        2,
        null,
        null,
        1,
        1,
        1,
        1,
        1,
        1,
        1,
        1,
        1,
        1,
        1,
        1,
        1,
        null,
        1,
        null,
        null,
        null,
        1,
        null,
        null
      ],
      "/Users/mnhollandplum/Desktop/turing/2module/projects/little_shop_solo_project_base/app/models/item.rb": [
        1,
        1,
        1,
        1,
        null,
        1,
        1,
        null,
        null,
        null,
        1,
        null,
        null,
        null,
        null,
        1,
        null,
        null,
        null,
        null,
        null,
        null,
        9,
        null,
        null
      ],
      "/Users/mnhollandplum/Desktop/turing/2module/projects/little_shop_solo_project_base/spec/models/order_item_spec.rb": [
        1,
        null,
        1,
        1,
        2,
        2,
        null,
        null,
        1,
        2,
        2,
        2,
        2,
        null,
        null,
        1,
        null,
        null,
        1,
        1,
        1,
        1,
        1,
        1,
        1,
        null,
        null,
        1,
        null,
        null,
        null
      ],
      "/Users/mnhollandplum/Desktop/turing/2module/projects/little_shop_solo_project_base/app/models/order_item.rb": [
        1,
        1,
        1,
        null,
        1,
        null,
        null,
        null,
        1,
        null,
        null,
        null,
        null,
        1,
        53,
        null,
        53,
        null,
        null
      ],
      "/Users/mnhollandplum/Desktop/turing/2module/projects/little_shop_solo_project_base/spec/models/order_spec.rb": [
        1,
        null,
        1,
        1,
        2,
        2,
        2,
        null,
        null,
        1,
        2,
        null,
        null,
        1,
        1,
        3,
        3,
        3,
        3,
        null,
        3,
        3,
        null,
        null,
        3,
        3,
        3,
        3,
        3,
        3,
        3,
        3,
        null,
        3,
        3,
        3,
        3,
        3,
        3,
        null,
        3,
        3,
        3,
        null,
        3,
        3,
        3,
        1,
        1,
        null,
        1,
        1,
        null,
        1,
        1,
        null,
        1,
        1,
        null,
        1,
        1,
        null,
        1,
        1,
        null,
        1,
        null,
        null,
        null,
        1,
        1,
        1,
        1,
        1,
        null,
        1,
        1,
        1,
        1,
        null,
        1,
        null,
        null,
        null
      ],
      "/Users/mnhollandplum/Desktop/turing/2module/projects/little_shop_solo_project_base/app/models/order.rb": [
        1,
        1,
        1,
        1,
        null,
        1,
        null,
        1,
        40,
        40,
        null,
        null,
        1,
        null,
        null,
        null,
        null,
        null,
        null,
        null,
        null,
        13,
        null,
        null,
        1,
        null,
        null,
        null,
        null,
        null,
        null,
        null,
        null,
        null,
        null,
        8,
        null,
        null,
        1,
        null,
        null,
        null,
        null,
        null,
        null,
        null,
        null,
        8,
        null,
        null
      ],
      "/Users/mnhollandplum/Desktop/turing/2module/projects/little_shop_solo_project_base/spec/models/user_spec.rb": [
        1,
        null,
        1,
        1,
        2,
        2,
        null,
        null,
        1,
        2,
        2,
        2,
        2,
        2,
        2,
        2,
        null,
        null,
        1,
        1,
        1,
        1,
        1,
        1,
        1,
        1,
        null,
        1,
        1,
        null,
        1,
        1,
        null,
        1,
        1,
        null,
        1,
        1,
        null,
        1,
        null,
        1,
        1,
        1,
        1,
        1,
        1,
        1,
        null,
        1,
        1,
        1,
        1,
        1,
        null,
        1,
        1,
        1,
        null,
        1,
        1,
        1,
        null,
        1,
        1,
        1,
        null,
        1,
        null,
        1,
        1,
        2,
        2,
        2,
        2,
        2,
        2,
        null,
        2,
        2,
        2,
        2,
        2,
        null,
        1,
        1,
        null,
        1,
        1,
        null,
        null,
        null,
        null,
        1,
        1,
        1,
        1,
        1,
        null,
        1,
        1,
        1,
        null,
        1,
        1,
        1,
        null,
        1,
        null,
        1,
        1,
        1,
        1,
        null,
        1,
        1,
        1,
        null,
        1,
        1,
        1,
        null,
        1,
        null,
        1,
        1,
        1,
        1,
        1,
        null,
        1,
        1,
        1,
        null,
        1,
        1,
        1,
        null,
        1,
        1,
        null,
        1,
        1,
        1,
        1,
        1,
        null,
        1,
        1,
        1,
        null,
        1,
        1,
        1,
        null,
        1,
        1,
        null,
        1,
        1,
        1,
        null,
        1,
        null,
        1,
        1,
        1,
        1,
        1,
        null,
        1,
        1,
        null,
        null,
        1,
        1,
        1,
        1,
        1,
        1,
        1,
        1,
        null,
        1,
        1,
        1,
        1,
        1,
        1,
        null,
        1,
        1,
        1,
        null,
        1,
        1,
        1,
        null,
        1,
        null,
        1,
        1,
        1,
        1,
        1,
        null,
        1,
        1,
        null,
        null,
        1,
        1,
        1,
        1,
        1,
        1,
        null,
        1,
        1,
        1,
        1,
        1,
        1,
        1,
        1,
        null,
        1,
        1,
        null,
        1,
        1,
        1,
        1,
        null,
        1,
        null,
        1,
        1,
        1,
        1,
        1,
        null,
        null,
        1,
        1,
        null,
        1,
        1,
        1,
        1,
        null,
        1,
        1,
        1,
        null,
        1,
        1,
        1,
        1,
        1,
        1,
        null,
        null,
        1,
        1,
        1,
        null,
        1,
        1,
        1,
        null,
        1,
        null,
        1,
        1,
        null,
        1,
        1,
        1,
        1,
        1,
        1,
        1,
        null,
        null,
        1,
        1,
        1,
        null,
        1,
        1,
        1,
        null,
        1,
        1,
        1,
        null,
        1,
        null,
        null,
        null
      ],
      "/Users/mnhollandplum/Desktop/turing/2module/projects/little_shop_solo_project_base/app/controllers/session_controller.rb": [
        1,
        1,
        14,
        1,
        1,
        null,
        null,
        null,
        1,
        12,
        12,
        10,
        9,
        9,
        null,
        1,
        1,
        null,
        null,
        2,
        null,
        null,
        null,
        1,
        3,
        3,
        3,
        3,
        null,
        null
      ],
      "/Users/mnhollandplum/Desktop/turing/2module/projects/little_shop_solo_project_base/app/controllers/application_controller.rb": [
        1,
        1,
        1,
        null,
        1,
        null,
        1,
        506,
        null,
        null,
        1,
        468,
        null,
        null,
        1,
        244,
        null,
        null
      ],
      "/Users/mnhollandplum/Desktop/turing/2module/projects/little_shop_solo_project_base/app/controllers/users_controller.rb": [
        1,
        1,
        14,
        14,
        null,
        null,
        1,
        22,
        16,
        16,
        null,
        6,
        3,
        3,
        0,
        null,
        null,
        3,
        null,
        null,
        null,
        null,
        1,
        5,
        null,
        null,
        1,
        6,
        6,
        5,
        5,
        3,
        2,
        2,
        null,
        null,
        null,
        null,
        1,
        8,
        8,
        8,
        8,
        null,
        8,
        4,
        1,
        3,
        1,
        2,
        2,
        1,
        1,
        1,
        null,
        null,
        null,
        4,
        null,
        4,
        4,
        0,
        null,
        4,
        null,
        null,
        4,
        2,
        2,
        null,
        2,
        null,
        null,
        null,
        null,
        null,
        null,
        0,
        null,
        null,
        null,
        null,
        null,
        1,
        4,
        4,
        1,
        1,
        null,
        3,
        null,
        null,
        null,
        1,
        null,
        null,
        1,
        8,
        null,
        null
      ],
      "/Users/mnhollandplum/Desktop/turing/2module/projects/little_shop_solo_project_base/app/controllers/profile_controller.rb": [
        1,
        1,
        3,
        3,
        null,
        null,
        1,
        6,
        6,
        6,
        6,
        null,
        null
      ],
      "/Users/mnhollandplum/Desktop/turing/2module/projects/little_shop_solo_project_base/spec/factories/item.rb": [
        1,
        1,
        1,
        1,
        1,
        1,
        1,
        1,
        1,
        null,
        null,
        1,
        1,
        1,
        1,
        null,
        null
      ],
      "/Users/mnhollandplum/Desktop/turing/2module/projects/little_shop_solo_project_base/spec/factories/order.rb": [
        1,
        1,
        1,
        1,
        null,
        1,
        1,
        1,
        null,
        1,
        1,
        1,
        null,
        1,
        1,
        1,
        null,
        null
      ],
      "/Users/mnhollandplum/Desktop/turing/2module/projects/little_shop_solo_project_base/spec/factories/order_item.rb": [
        1,
        1,
        1,
        1,
        1,
        1,
        1,
        null,
        1,
        1,
        null,
        null
      ],
      "/Users/mnhollandplum/Desktop/turing/2module/projects/little_shop_solo_project_base/spec/factories/user.rb": [
        1,
        1,
        1,
        1,
        1,
        1,
        1,
        1,
        1,
        1,
        1,
        null,
        1,
        1,
        1,
        1,
        null,
        null,
        1,
        1,
        1,
        1,
        1,
        null,
        1,
        1,
        1,
        1,
        1,
        null,
        null,
        1,
        1,
        1,
        1,
        1,
        null,
        null
      ],
      "/Users/mnhollandplum/Desktop/turing/2module/projects/little_shop_solo_project_base/app/controllers/dashboard_controller.rb": [
        1,
        1,
        19,
        null,
        19,
        11,
        11,
        11,
        11,
        8,
        null,
        11,
        11,
        11,
        11,
        11,
        11,
        8,
        6,
        6,
        6,
        6,
        6,
        null,
        2,
        null,
        null,
        null
      ],
      "/Users/mnhollandplum/Desktop/turing/2module/projects/little_shop_solo_project_base/app/controllers/orders_controller.rb": [
        1,
        1,
        8,
        6,
        2,
        null,
        4,
        null,
        2,
        2,
        2,
        2,
        null,
        null,
        null,
        null,
        null,
        0,
        0,
        0,
        0,
        null,
        null,
        null,
        1,
        2,
        2,
        2,
        4,
        null,
        null,
        null,
        null,
        null,
        2,
        2,
        2,
        null,
        null,
        1,
        2,
        2,
        2,
        2,
        null,
        2,
        2,
        2,
        4,
        1,
        1,
        1,
        1,
        null,
        null,
        2,
        null,
        null,
        2,
        null,
        null,
        1,
        8,
        8,
        8,
        null,
        null
      ],
      "/Users/mnhollandplum/Desktop/turing/2module/projects/little_shop_solo_project_base/app/controllers/dashboard/orders_controller.rb": [
        1,
        1,
        3,
        null,
        null,
        null
      ],
      "/Users/mnhollandplum/Desktop/turing/2module/projects/little_shop_solo_project_base/app/controllers/order_items_controller.rb": [
        1,
        1,
        3,
        3,
        3,
        3,
        3,
        null,
        3,
        3,
        1,
        null,
        null,
        3,
        3,
        null,
        null
      ],
      "/Users/mnhollandplum/Desktop/turing/2module/projects/little_shop_solo_project_base/app/controllers/merchants_controller.rb": [
        1,
        1,
        1,
        0,
        null,
        1,
        null,
        null,
        null,
        1,
        2,
        null,
        2,
        2,
        2,
        2,
        0,
        null,
        0,
        0,
        null,
        null,
        null
      ],
      "/Users/mnhollandplum/Desktop/turing/2module/projects/little_shop_solo_project_base/app/controllers/items_controller.rb": [
        1,
        1,
        7,
        null,
        7,
        7,
        7,
        7,
        null,
        null,
        1,
        3,
        3,
        3,
        null,
        null,
        1,
        26,
        null,
        null,
        1,
        2,
        2,
        2,
        2,
        2,
        null,
        null,
        1,
        3,
        3,
        3,
        null,
        3,
        0,
        0,
        0,
        0,
        null,
        0,
        0,
        null,
        0,
        0,
        null,
        null,
        null,
        1,
        2,
        2,
        0,
        0,
        0,
        null,
        0,
        0,
        null,
        0,
        0,
        0,
        0,
        0,
        0,
        0,
        0,
        0,
        0,
        null,
        0,
        0,
        0,
        0,
        null,
        0,
        0,
        null,
        null,
        null,
        null,
        null,
        1,
        1,
        0,
        null,
        null
      ],
      "/Users/mnhollandplum/Desktop/turing/2module/projects/little_shop_solo_project_base/app/controllers/carts_controller.rb": [
        1,
        1,
        null,
        1,
        16,
        null,
        null,
        1,
        20,
        20,
        18,
        17,
        17,
        null,
        1,
        null,
        2,
        1,
        1,
        1,
        1,
        1,
        null,
        20,
        20,
        null,
        null,
        1,
        1,
        1,
        1,
        null,
        null
      ],
      "/Users/mnhollandplum/Desktop/turing/2module/projects/little_shop_solo_project_base/app/controllers/welcome_controller.rb": [
        1,
        1,
        null,
        null
      ],
      "/Users/mnhollandplum/Desktop/turing/2module/projects/little_shop_solo_project_base/app/controllers/dashboard/items_controller.rb": [
        1,
        1,
        9,
        9,
        9,
        null,
        null
      ]
    },
    "timestamp": 1541435079
  }
}
